<?xml version="1.0" encoding="UTF-8"?>
<!-- Generated by org.testng.reporters.JUnitReportReporter -->
<testsuite skipped="0" hostname="SONY-PC" name="putRequest.PutRequest" tests="1" failures="0" timestamp="05 May 2020 19:43:58 GMT" time="1.049" errors="0">
  <testcase name="getWeatherDetails" time="1.049" classname="putRequest.PutRequest"/>
</testsuite> <!-- putRequest.PutRequest -->
