<?xml version="1.0" encoding="UTF-8"?>
<!-- Generated by org.testng.reporters.JUnitReportReporter -->
<testsuite skipped="0" hostname="SONY-PC" name="putRequest.PostRequest" tests="1" failures="0" timestamp="06 May 2020 13:55:54 GMT" time="2.078" errors="0">
  <testcase name="getWeatherDetails" time="2.078" classname="putRequest.PostRequest"/>
</testsuite> <!-- putRequest.PostRequest -->
