<?xml version="1.0" encoding="UTF-8"?>
<!-- Generated by org.testng.reporters.JUnitReportReporter -->
<testsuite skipped="0" hostname="SONY-PC" name="postRequest.PostRequest" tests="1" failures="0" timestamp="06 May 2020 23:45:17 GMT" time="2.151" errors="0">
  <testcase name="getWeatherDetails" time="2.151" classname="postRequest.PostRequest"/>
</testsuite> <!-- postRequest.PostRequest -->
