<?xml version="1.0" encoding="UTF-8"?>
<!-- Generated by org.testng.reporters.JUnitReportReporter -->
<testsuite skipped="0" hostname="SONY-PC" name="udemyRestAssured.Basics" tests="1" failures="0" timestamp="09 May 2020 01:09:46 GMT" time="4.310" errors="0">
  <testcase name="basics" time="4.310" classname="udemyRestAssured.Basics"/>
</testsuite> <!-- udemyRestAssured.Basics -->
