<?xml version="1.0" encoding="UTF-8"?>
<!-- Generated by org.testng.reporters.JUnitReportReporter -->
<testsuite skipped="0" hostname="SONY-PC" name="udemyRestAssured.BasicsSendPostRequestGetResponse" tests="1" failures="0" timestamp="12 May 2020 02:45:58 GMT" time="3.277" errors="0">
  <testcase name="basics" time="3.277" classname="udemyRestAssured.BasicsSendPostRequestGetResponse"/>
</testsuite> <!-- udemyRestAssured.BasicsSendPostRequestGetResponse -->
