<?xml version="1.0" encoding="UTF-8"?>
<!-- Generated by org.testng.reporters.JUnitReportReporter -->
<testsuite skipped="0" hostname="SONY-PC" name="udemyRestAssured.GoogleMapSendPostRequestValidateResponse" tests="1" failures="0" timestamp="22 May 2020 03:30:48 GMT" time="4.181" errors="0">
  <testcase name="basics" time="4.181" classname="udemyRestAssured.GoogleMapSendPostRequestValidateResponse"/>
</testsuite> <!-- udemyRestAssured.GoogleMapSendPostRequestValidateResponse -->
