<?xml version="1.0" encoding="UTF-8"?>
<!-- Generated by org.testng.reporters.JUnitReportReporter -->
<testsuite skipped="0" hostname="SONY-PC" name="getResponseJsonPath.GetResponseJsonpath" tests="1" failures="0" timestamp="06 May 2020 23:45:44 GMT" time="3.611" errors="0">
  <testcase name="getWeatherDetails" time="3.611" classname="getResponseJsonPath.GetResponseJsonpath"/>
</testsuite> <!-- getResponseJsonPath.GetResponseJsonpath -->
