<?xml version="1.0" encoding="UTF-8"?>
<!-- Generated by org.testng.reporters.JUnitReportReporter -->
<testsuite skipped="0" hostname="SONY-PC" name="udemyRestAssured.PostUpdateGetValidate" tests="1" failures="0" timestamp="12 May 2020 02:47:11 GMT" time="7.639" errors="0">
  <testcase name="basics" time="7.639" classname="udemyRestAssured.PostUpdateGetValidate"/>
</testsuite> <!-- udemyRestAssured.PostUpdateGetValidate -->
