<?xml version="1.0" encoding="UTF-8"?>
<!-- Generated by org.testng.reporters.JUnitReportReporter -->
<testsuite skipped="0" hostname="SONY-PC" name="files.SumValidation" tests="1" failures="0" timestamp="10 May 2020 21:54:41 GMT" time="1.507" errors="0">
  <testcase name="sumValidation" time="1.507" classname="files.SumValidation"/>
</testsuite> <!-- files.SumValidation -->
