<?xml version="1.0" encoding="UTF-8"?>
<!-- Generated by org.testng.reporters.JUnitReportReporter -->
<testsuite skipped="0" hostname="SONY-PC" name="udemyRestAssured.SendPostRequestValidateResponse" tests="1" failures="0" timestamp="21 May 2020 20:41:50 GMT" time="4.376" errors="0">
  <testcase name="basics" time="4.376" classname="udemyRestAssured.SendPostRequestValidateResponse"/>
</testsuite> <!-- udemyRestAssured.SendPostRequestValidateResponse -->
