<?xml version="1.0" encoding="UTF-8"?>
<!-- Generated by org.testng.reporters.JUnitReportReporter -->
<testsuite skipped="0" hostname="SONY-PC" name="getRequest.getRequestWeather" tests="1" failures="0" timestamp="19 May 2020 16:55:45 GMT" time="2.249" errors="0">
  <testcase name="getWeatherDetails" time="2.249" classname="getRequest.getRequestWeather"/>
</testsuite> <!-- getRequest.getRequestWeather -->
