<?xml version="1.0" encoding="UTF-8"?>
<!-- Generated by org.testng.reporters.JUnitReportReporter -->
<testsuite skipped="0" hostname="SONY-PC" name="getRequest.getData" tests="1" failures="0" timestamp="05 May 2020 01:37:55 GMT" time="2.165" errors="0">
  <testcase name="testResponse" time="2.165" classname="getRequest.getData"/>
</testsuite> <!-- getRequest.getData -->
